{"name": "test_incorrect_login_alert", "status": "failed", "statusDetails": {"message": "AssertionError: assert False\n +  where False = <bound method LoginPage.alert_error_displayed of <pages.login_page.LoginPage object at 0x00000268D7FC4160>>()\n +    where <bound method LoginPage.alert_error_displayed of <pages.login_page.LoginPage object at 0x00000268D7FC4160>> = <pages.login_page.LoginPage object at 0x00000268D7FC4160>.alert_error_displayed\n +      where <pages.login_page.LoginPage object at 0x00000268D7FC4160> = LoginPage(<selenium.webdriver.chrome.webdriver.WebDriver (session=\"a19916efa9fa40a461c5b59b3823f370\")>)", "trace": "fixturefunc = <function check_alert_message at 0x00000268D74843A0>, request = <FixtureRequest for <Function test_incorrect_login_alert>>\nkwargs = {'driver': <selenium.webdriver.chrome.webdriver.WebDriver (session=\"a19916efa9fa40a461c5b59b3823f370\")>}\n\n    def call_fixture_func(\n        fixturefunc: \"_FixtureFunc[FixtureValue]\", request: FixtureRequest, kwargs\n    ) -> FixtureValue:\n        if is_generator(fixturefunc):\n            fixturefunc = cast(\n                Callable[..., Generator[FixtureValue, None, None]], fixturefunc\n            )\n            generator = fixturefunc(**kwargs)\n            try:\n                fixture_result = next(generator)\n            except StopIteration:\n                raise ValueError(f\"{request.fixturename} did not yield a value\") from None\n            finalizer = functools.partial(_teardown_yield_fixture, fixturefunc, generator)\n            request.addfinalizer(finalizer)\n        else:\n            fixturefunc = cast(Callable[..., FixtureValue], fixturefunc)\n>           fixture_result = fixturefunc(**kwargs)\n\n..\\..\\..\\venv\\lib\\site-packages\\_pytest\\fixtures.py:907: \n_ _ _ _ _ _ _ _ _ _ _ _ _ _ _ _ _ _ _ _ _ _ _ _ _ _ _ _ _ _ _ _ _ _ _ _ _ _ _ _ _ _ _ _ _ _ _ _ _ _ _ _ _ _ _ _ _ _ _ _ _ _ _ _ _ _ _ _ _ _ _ _ _ _ _ _ _ _ _ _ _ _ _ _ _ _ _ _ _ _ _ _\n\ndriver = <selenium.webdriver.chrome.webdriver.WebDriver (session=\"a19916efa9fa40a461c5b59b3823f370\")>\n\n    @then('I see alert message')\n    def check_alert_message(driver):\n>       assert LoginPage(driver).alert_error_displayed()\nE       assert False\nE        +  where False = <bound method LoginPage.alert_error_displayed of <pages.login_page.LoginPage object at 0x00000268D7FC4160>>()\nE        +    where <bound method LoginPage.alert_error_displayed of <pages.login_page.LoginPage object at 0x00000268D7FC4160>> = <pages.login_page.LoginPage object at 0x00000268D7FC4160>.alert_error_displayed\nE        +      where <pages.login_page.LoginPage object at 0x00000268D7FC4160> = LoginPage(<selenium.webdriver.chrome.webdriver.WebDriver (session=\"a19916efa9fa40a461c5b59b3823f370\")>)\n\ntests\\test_login_bdd.py:52: AssertionError"}, "description": "login.feature: incorrect login alert", "start": 1672247813634, "stop": 1672247818147, "uuid": "93f3c69d-6ef6-4967-b7b1-beada6da0885", "historyId": "0b3cfcdd9671e00e9435a310380dd7b3", "testCaseId": "eea23ee71d418ebd2cd8756e1e3eebb7", "fullName": "tests.test_login_bdd#test_incorrect_login_alert", "labels": [{"name": "story", "value": "Validation errors"}, {"name": "feature", "value": "Login"}, {"name": "tag", "value": "@pytest.mark.usefixtures"}, {"name": "parentSuite", "value": "tests"}, {"name": "suite", "value": "test_login_bdd"}, {"name": "host", "value": "Dell"}, {"name": "thread", "value": "104580-MainThread"}, {"name": "framework", "value": "pytest"}, {"name": "language", "value": "cpython3"}, {"name": "package", "value": "tests.test_login_bdd"}]}